<?xml version="1.0" encoding="UTF-8"?>
<!-- Generated by org.testng.reporters.JUnitReportReporter -->
<testsuite hostname="LAPTOP-0E4SUFBQ" failures="0" tests="1" name="com.WebdriverUiversity.test.TodoList" time="6.678" errors="0" timestamp="2024-02-01T09:51:31 EST" skipped="0">
  <testcase classname="com.WebdriverUiversity.test.TodoList" name="toDoList" time="6.678"/>
  <system-out/>
</testsuite> <!-- com.WebdriverUiversity.test.TodoList -->
