<?xml version="1.0" encoding="UTF-8"?>
<!-- Generated by org.testng.reporters.JUnitReportReporter -->
<testsuite hostname="LAPTOP-0E4SUFBQ" failures="0" tests="1" name="com.WebdriverUiversity.test.ContactUsPage" time="11.318" errors="0" timestamp="2024-01-30T12:55:26 EST" skipped="0">
  <testcase classname="com.WebdriverUiversity.test.ContactUsPage" name="clickContactPage" time="11.318"/>
  <system-out/>
</testsuite> <!-- com.WebdriverUiversity.test.ContactUsPage -->
