<?xml version="1.0" encoding="UTF-8"?>
<!-- Generated by org.testng.reporters.JUnitReportReporter -->
<testsuite hostname="LAPTOP-0E4SUFBQ" failures="0" tests="1" name="com.WebdriverUiversity.test.ButtonClick" time="6.312" errors="0" timestamp="2024-01-31T12:38:32 EST" skipped="0">
  <testcase classname="com.WebdriverUiversity.test.ButtonClick" name="buttonClick" time="6.312"/>
  <system-out/>
</testsuite> <!-- com.WebdriverUiversity.test.ButtonClick -->
